<?xml version="1.0" encoding="UTF-8"?>
<!-- Generated by org.testng.reporters.JUnitReportReporter -->
<testsuite hostname="Dayanands-MacBook-Air.local" failures="0" tests="1" name="testCases.TC002_OpenKartLogin" time="21.739" errors="0" timestamp="2025-04-11T22:32:43 IST" skipped="0">
  <testcase classname="testCases.TC002_OpenKartLogin" name="verify_Login" time="21.739"/>
</testsuite> <!-- testCases.TC002_OpenKartLogin -->
