<?xml version="1.0" encoding="UTF-8"?>
<!-- Generated by org.testng.reporters.JUnitReportReporter -->
<testsuite hostname="Dayanands-MacBook-Air.local" failures="0" tests="6" name="testCases.TC003_LoginDDT" time="30.799" errors="0" timestamp="2025-04-10T22:50:40 IST" skipped="0">
  <testcase classname="testCases.TC003_LoginDDT" name="verify_loginDDT" time="4.788"/>
  <testcase classname="testCases.TC003_LoginDDT" name="verify_loginDDT" time="4.372"/>
  <testcase classname="testCases.TC003_LoginDDT" name="verify_loginDDT" time="4.758"/>
  <testcase classname="testCases.TC003_LoginDDT" name="verify_loginDDT" time="6.164"/>
  <testcase classname="testCases.TC003_LoginDDT" name="verify_loginDDT" time="4.890"/>
  <testcase classname="testCases.TC003_LoginDDT" name="verify_loginDDT" time="5.827"/>
</testsuite> <!-- testCases.TC003_LoginDDT -->
