<?xml version="1.0" encoding="UTF-8"?>
<!-- Generated by org.testng.reporters.JUnitReportReporter -->
<testsuite hostname="Dayanands-MacBook-Air.local" failures="0" tests="1" name="testCases.TC001_OpenKartFirstTestCase" time="117.205" errors="0" timestamp="2025-04-11T15:47:09 IST" skipped="0">
  <testcase classname="testCases.TC001_OpenKartFirstTestCase" name="testOpenKart" time="117.205"/>
</testsuite> <!-- testCases.TC001_OpenKartFirstTestCase -->
